<?xml version="1.0" encoding="UTF-8"?>
<!-- Generated by org.testng.reporters.JUnitReportReporter -->
<testsuite skipped="3" hostname="DESKTOP-V5FJPD9" name="com.flipcart.qa.testdata.LoginTest" tests="4" failures="0" timestamp="07 Aug 2019 16:52:05 GMT" time="41.263" errors="0">
  <testcase name="logout" time="41.263" classname="com.flipcart.qa.testdata.LoginTest"/>
  <testcase name="validateprofilenameTest" classname="com.flipcart.qa.testdata.LoginTest">
    <skipped/>
  </testcase> <!-- validateprofilenameTest -->
  <testcase name="validatelogin" classname="com.flipcart.qa.testdata.LoginTest">
    <skipped/>
  </testcase> <!-- validatelogin -->
  <testcase name="validatePagetitleTest" classname="com.flipcart.qa.testdata.LoginTest">
    <skipped/>
  </testcase> <!-- validatePagetitleTest -->
</testsuite> <!-- com.flipcart.qa.testdata.LoginTest -->
